This is pdfTeX, Version 3.1415926-2.5-1.40.14 (TeX Live 2013/Debian) (format=pdflatex 2014.9.24)  11 DEC 2014 13:58
entering extended mode
 restricted \write18 enabled.
 %&-line parsing enabled.
**main.tex
(./main.tex
LaTeX2e <2011/06/27>
Babel <3.9h> and hyphenation patterns for 4 languages loaded.
(/usr/share/texlive/texmf-dist/tex/latex/base/article.cls
Document Class: article 2007/10/19 v1.4h Standard LaTeX document class
(/usr/share/texlive/texmf-dist/tex/latex/base/size10.clo
File: size10.clo 2007/10/19 v1.4h Standard LaTeX file (size option)
)
\c@part=\count79
\c@section=\count80
\c@subsection=\count81
\c@subsubsection=\count82
\c@paragraph=\count83
\c@subparagraph=\count84
\c@figure=\count85
\c@table=\count86
\abovecaptionskip=\skip41
\belowcaptionskip=\skip42
\bibindent=\dimen102
)
(/usr/share/texlive/texmf-dist/tex/latex/graphics/graphicx.sty
Package: graphicx 1999/02/16 v1.0f Enhanced LaTeX Graphics (DPC,SPQR)

(/usr/share/texlive/texmf-dist/tex/latex/graphics/keyval.sty
Package: keyval 1999/03/16 v1.13 key=value parser (DPC)
\KV@toks@=\toks14
)
(/usr/share/texlive/texmf-dist/tex/latex/graphics/graphics.sty
Package: graphics 2009/02/05 v1.0o Standard LaTeX Graphics (DPC,SPQR)

(/usr/share/texlive/texmf-dist/tex/latex/graphics/trig.sty
Package: trig 1999/03/16 v1.09 sin cos tan (DPC)
)
(/usr/share/texlive/texmf-dist/tex/latex/latexconfig/graphics.cfg
File: graphics.cfg 2010/04/23 v1.9 graphics configuration of TeX Live
)
Package graphics Info: Driver file: pdftex.def on input line 91.

(/usr/share/texlive/texmf-dist/tex/latex/pdftex-def/pdftex.def
File: pdftex.def 2011/05/27 v0.06d Graphics/color for pdfTeX

(/usr/share/texlive/texmf-dist/tex/generic/oberdiek/infwarerr.sty
Package: infwarerr 2010/04/08 v1.3 Providing info/warning/error messages (HO)
)
(/usr/share/texlive/texmf-dist/tex/generic/oberdiek/ltxcmds.sty
Package: ltxcmds 2011/11/09 v1.22 LaTeX kernel commands for general use (HO)
)
\Gread@gobject=\count87
))
\Gin@req@height=\dimen103
\Gin@req@width=\dimen104
)
(/usr/share/texlive/texmf-dist/tex/latex/amsmath/amsmath.sty
Package: amsmath 2013/01/14 v2.14 AMS math features
\@mathmargin=\skip43

For additional information on amsmath, use the `?' option.
(/usr/share/texlive/texmf-dist/tex/latex/amsmath/amstext.sty
Package: amstext 2000/06/29 v2.01

(/usr/share/texlive/texmf-dist/tex/latex/amsmath/amsgen.sty
File: amsgen.sty 1999/11/30 v2.0
\@emptytoks=\toks15
\ex@=\dimen105
))
(/usr/share/texlive/texmf-dist/tex/latex/amsmath/amsbsy.sty
Package: amsbsy 1999/11/29 v1.2d
\pmbraise@=\dimen106
)
(/usr/share/texlive/texmf-dist/tex/latex/amsmath/amsopn.sty
Package: amsopn 1999/12/14 v2.01 operator names
)
\inf@bad=\count88
LaTeX Info: Redefining \frac on input line 210.
\uproot@=\count89
\leftroot@=\count90
LaTeX Info: Redefining \overline on input line 306.
\classnum@=\count91
\DOTSCASE@=\count92
LaTeX Info: Redefining \ldots on input line 378.
LaTeX Info: Redefining \dots on input line 381.
LaTeX Info: Redefining \cdots on input line 466.
\Mathstrutbox@=\box26
\strutbox@=\box27
\big@size=\dimen107
LaTeX Font Info:    Redeclaring font encoding OML on input line 566.
LaTeX Font Info:    Redeclaring font encoding OMS on input line 567.
\macc@depth=\count93
\c@MaxMatrixCols=\count94
\dotsspace@=\muskip10
\c@parentequation=\count95
\dspbrk@lvl=\count96
\tag@help=\toks16
\row@=\count97
\column@=\count98
\maxfields@=\count99
\andhelp@=\toks17
\eqnshift@=\dimen108
\alignsep@=\dimen109
\tagshift@=\dimen110
\tagwidth@=\dimen111
\totwidth@=\dimen112
\lineht@=\dimen113
\@envbody=\toks18
\multlinegap=\skip44
\multlinetaggap=\skip45
\mathdisplay@stack=\toks19
LaTeX Info: Redefining \[ on input line 2665.
LaTeX Info: Redefining \] on input line 2666.
)
(/usr/share/texlive/texmf-dist/tex/latex/listings/listings.sty
\lst@mode=\count100
\lst@gtempboxa=\box28
\lst@token=\toks20
\lst@length=\count101
\lst@currlwidth=\dimen114
\lst@column=\count102
\lst@pos=\count103
\lst@lostspace=\dimen115
\lst@width=\dimen116
\lst@newlines=\count104
\lst@lineno=\count105
\lst@maxwidth=\dimen117

(/usr/share/texlive/texmf-dist/tex/latex/listings/lstmisc.sty
File: lstmisc.sty 2013/08/26 1.5b (Carsten Heinz)
\c@lstnumber=\count106
\lst@skipnumbers=\count107
\lst@framebox=\box29
)
(/usr/share/texlive/texmf-dist/tex/latex/listings/listings.cfg
File: listings.cfg 2013/08/26 1.5b listings configuration
))
Package: listings 2013/08/26 1.5b (Carsten Heinz)

(/usr/share/texlive/texmf-dist/tex/latex/hyperref/hyperref.sty
Package: hyperref 2012/11/06 v6.83m Hypertext links for LaTeX

(/usr/share/texlive/texmf-dist/tex/generic/oberdiek/hobsub-hyperref.sty
Package: hobsub-hyperref 2012/05/28 v1.13 Bundle oberdiek, subset hyperref (HO)


(/usr/share/texlive/texmf-dist/tex/generic/oberdiek/hobsub-generic.sty
Package: hobsub-generic 2012/05/28 v1.13 Bundle oberdiek, subset generic (HO)
Package: hobsub 2012/05/28 v1.13 Construct package bundles (HO)
Package hobsub Info: Skipping package `infwarerr' (already loaded).
Package hobsub Info: Skipping package `ltxcmds' (already loaded).
Package: ifluatex 2010/03/01 v1.3 Provides the ifluatex switch (HO)
Package ifluatex Info: LuaTeX not detected.
Package: ifvtex 2010/03/01 v1.5 Detect VTeX and its facilities (HO)
Package ifvtex Info: VTeX not detected.
Package: intcalc 2007/09/27 v1.1 Expandable calculations with integers (HO)
Package: ifpdf 2011/01/30 v2.3 Provides the ifpdf switch (HO)
Package ifpdf Info: pdfTeX in PDF mode is detected.
Package: etexcmds 2011/02/16 v1.5 Avoid name clashes with e-TeX commands (HO)
Package etexcmds Info: Could not find \expanded.
(etexcmds)             That can mean that you are not using pdfTeX 1.50 or
(etexcmds)             that some package has redefined \expanded.
(etexcmds)             In the latter case, load this package earlier.
Package: kvsetkeys 2012/04/25 v1.16 Key value parser (HO)
Package: kvdefinekeys 2011/04/07 v1.3 Define keys (HO)
Package: pdftexcmds 2011/11/29 v0.20 Utility functions of pdfTeX for LuaTeX (HO
)
Package pdftexcmds Info: LuaTeX not detected.
Package pdftexcmds Info: \pdf@primitive is available.
Package pdftexcmds Info: \pdf@ifprimitive is available.
Package pdftexcmds Info: \pdfdraftmode found.
Package: pdfescape 2011/11/25 v1.13 Implements pdfTeX's escape features (HO)
Package: bigintcalc 2012/04/08 v1.3 Expandable calculations on big integers (HO
)
Package: bitset 2011/01/30 v1.1 Handle bit-vector datatype (HO)
Package: uniquecounter 2011/01/30 v1.2 Provide unlimited unique counter (HO)
)
Package hobsub Info: Skipping package `hobsub' (already loaded).
Package: letltxmacro 2010/09/02 v1.4 Let assignment for LaTeX macros (HO)
Package: hopatch 2012/05/28 v1.2 Wrapper for package hooks (HO)
Package: xcolor-patch 2011/01/30 xcolor patch
Package: atveryend 2011/06/30 v1.8 Hooks at the very end of document (HO)
Package atveryend Info: \enddocument detected (standard20110627).
Package: atbegshi 2011/10/05 v1.16 At begin shipout hook (HO)
Package: refcount 2011/10/16 v3.4 Data extraction from label references (HO)
Package: hycolor 2011/01/30 v1.7 Color options for hyperref/bookmark (HO)
)
(/usr/share/texlive/texmf-dist/tex/generic/ifxetex/ifxetex.sty
Package: ifxetex 2010/09/12 v0.6 Provides ifxetex conditional
)
(/usr/share/texlive/texmf-dist/tex/latex/oberdiek/auxhook.sty
Package: auxhook 2011/03/04 v1.3 Hooks for auxiliary files (HO)
)
(/usr/share/texlive/texmf-dist/tex/latex/oberdiek/kvoptions.sty
Package: kvoptions 2011/06/30 v3.11 Key value format for package options (HO)
)
\@linkdim=\dimen118
\Hy@linkcounter=\count108
\Hy@pagecounter=\count109

(/usr/share/texlive/texmf-dist/tex/latex/hyperref/pd1enc.def
File: pd1enc.def 2012/11/06 v6.83m Hyperref: PDFDocEncoding definition (HO)
)
\Hy@SavedSpaceFactor=\count110

(/usr/share/texlive/texmf-dist/tex/latex/latexconfig/hyperref.cfg
File: hyperref.cfg 2002/06/06 v1.2 hyperref configuration of TeXLive
)
Package hyperref Info: Hyper figures OFF on input line 4443.
Package hyperref Info: Link nesting OFF on input line 4448.
Package hyperref Info: Hyper index ON on input line 4451.
Package hyperref Info: Plain pages OFF on input line 4458.
Package hyperref Info: Backreferencing OFF on input line 4463.
Package hyperref Info: Implicit mode ON; LaTeX internals redefined.
Package hyperref Info: Bookmarks ON on input line 4688.
\c@Hy@tempcnt=\count111

(/usr/share/texlive/texmf-dist/tex/latex/url/url.sty
\Urlmuskip=\muskip11
Package: url 2013/09/16  ver 3.4  Verb mode for urls, etc.
)
LaTeX Info: Redefining \url on input line 5041.
\XeTeXLinkMargin=\dimen119
\Fld@menulength=\count112
\Field@Width=\dimen120
\Fld@charsize=\dimen121
Package hyperref Info: Hyper figures OFF on input line 6295.
Package hyperref Info: Link nesting OFF on input line 6300.
Package hyperref Info: Hyper index ON on input line 6303.
Package hyperref Info: backreferencing OFF on input line 6310.
Package hyperref Info: Link coloring OFF on input line 6315.
Package hyperref Info: Link coloring with OCG OFF on input line 6320.
Package hyperref Info: PDF/A mode OFF on input line 6325.
LaTeX Info: Redefining \ref on input line 6365.
LaTeX Info: Redefining \pageref on input line 6369.
\Hy@abspage=\count113
\c@Item=\count114
\c@Hfootnote=\count115
)

Package hyperref Message: Driver (autodetected): hpdftex.

(/usr/share/texlive/texmf-dist/tex/latex/hyperref/hpdftex.def
File: hpdftex.def 2012/11/06 v6.83m Hyperref driver for pdfTeX
\Fld@listcount=\count116
\c@bookmark@seq@number=\count117

(/usr/share/texlive/texmf-dist/tex/latex/oberdiek/rerunfilecheck.sty
Package: rerunfilecheck 2011/04/15 v1.7 Rerun checks for auxiliary files (HO)
Package uniquecounter Info: New unique counter `rerunfilecheck' on input line 2
82.
)
\Hy@SectionHShift=\skip46
)
(/usr/share/texlive/texmf-dist/tex/latex/graphics/color.sty
Package: color 2005/11/14 v1.0j Standard LaTeX Color (DPC)

(/usr/share/texlive/texmf-dist/tex/latex/latexconfig/color.cfg
File: color.cfg 2007/01/18 v1.5 color configuration of teTeX/TeXLive
)
Package color Info: Driver file: pdftex.def on input line 130.
)
(/usr/share/texlive/texmf-dist/tex/latex/caption/caption.sty
Package: caption 2013/05/02 v3.3-89 Customizing captions (AR)

(/usr/share/texlive/texmf-dist/tex/latex/caption/caption3.sty
Package: caption3 2013/05/02 v1.6-88 caption3 kernel (AR)
Package caption3 Info: TeX engine: e-TeX on input line 57.
\captionmargin=\dimen122
\captionmargin@=\dimen123
\captionwidth=\dimen124
\caption@tempdima=\dimen125
\caption@indent=\dimen126
\caption@parindent=\dimen127
\caption@hangindent=\dimen128
)
\c@ContinuedFloat=\count118
Package caption Info: hyperref package is loaded.
Package caption Info: listings package is loaded.
)
(/usr/share/texlive/texmf-dist/tex/generic/babel/babel.sty
Package: babel 2013/12/03 3.9h The Babel package

(/usr/share/texlive/texmf-dist/tex/generic/babel-english/english.ldf
Language: english 2012/08/20 v3.3p English support from the babel system

(/usr/share/texlive/texmf-dist/tex/generic/babel/babel.def
File: babel.def 2013/12/03 3.9h Babel common definitions
\babel@savecnt=\count119
\U@D=\dimen129
)
\l@canadian = a dialect from \language\l@american 
\l@australian = a dialect from \language\l@british 
\l@newzealand = a dialect from \language\l@british 
))
(/usr/share/texlive/texmf-dist/tex/latex/enumitem/enumitem.sty
Package: enumitem 2011/09/28 v3.5.2 Customized lists
\labelindent=\skip47
\enit@outerparindent=\dimen130
\enit@toks=\toks21
\enit@inbox=\box30
\enitdp@description=\count120
)
(/usr/share/texlive/texmf-dist/tex/latex/cite/cite.sty
LaTeX Info: Redefining \cite on input line 302.
LaTeX Info: Redefining \nocite on input line 373.
Package: cite 2010/09/10  v 5.3
) (./main.aux)
\openout1 = `main.aux'.

LaTeX Font Info:    Checking defaults for OML/cmm/m/it on input line 7.
LaTeX Font Info:    ... okay on input line 7.
LaTeX Font Info:    Checking defaults for T1/cmr/m/n on input line 7.
LaTeX Font Info:    ... okay on input line 7.
LaTeX Font Info:    Checking defaults for OT1/cmr/m/n on input line 7.
LaTeX Font Info:    ... okay on input line 7.
LaTeX Font Info:    Checking defaults for OMS/cmsy/m/n on input line 7.
LaTeX Font Info:    ... okay on input line 7.
LaTeX Font Info:    Checking defaults for OMX/cmex/m/n on input line 7.
LaTeX Font Info:    ... okay on input line 7.
LaTeX Font Info:    Checking defaults for U/cmr/m/n on input line 7.
LaTeX Font Info:    ... okay on input line 7.
LaTeX Font Info:    Checking defaults for PD1/pdf/m/n on input line 7.
LaTeX Font Info:    ... okay on input line 7.

(/usr/share/texlive/texmf-dist/tex/context/base/supp-pdf.mkii
[Loading MPS to PDF converter (version 2006.09.02).]
\scratchcounter=\count121
\scratchdimen=\dimen131
\scratchbox=\box31
\nofMPsegments=\count122
\nofMParguments=\count123
\everyMPshowfont=\toks22
\MPscratchCnt=\count124
\MPscratchDim=\dimen132
\MPnumerator=\count125
\makeMPintoPDFobject=\count126
\everyMPtoPDFconversion=\toks23
) (/usr/share/texlive/texmf-dist/tex/latex/oberdiek/epstopdf-base.sty
Package: epstopdf-base 2010/02/09 v2.5 Base part for package epstopdf

(/usr/share/texlive/texmf-dist/tex/latex/oberdiek/grfext.sty
Package: grfext 2010/08/19 v1.1 Manage graphics extensions (HO)
)
Package grfext Info: Graphics extension search list:
(grfext)             [.png,.pdf,.jpg,.mps,.jpeg,.jbig2,.jb2,.PNG,.PDF,.JPG,.JPE
G,.JBIG2,.JB2,.eps]
(grfext)             \AppendGraphicsExtensions on input line 452.

(/usr/share/texlive/texmf-dist/tex/latex/latexconfig/epstopdf-sys.cfg
File: epstopdf-sys.cfg 2010/07/13 v1.3 Configuration of (r)epstopdf for TeX Liv
e
))
\c@lstlisting=\count127
\AtBeginShipoutBox=\box32
Package hyperref Info: Link coloring OFF on input line 7.

(/usr/share/texlive/texmf-dist/tex/latex/hyperref/nameref.sty
Package: nameref 2012/10/27 v2.43 Cross-referencing by name of section

(/usr/share/texlive/texmf-dist/tex/generic/oberdiek/gettitlestring.sty
Package: gettitlestring 2010/12/03 v1.4 Cleanup title references (HO)
)
\c@section@level=\count128
)
LaTeX Info: Redefining \ref on input line 7.
LaTeX Info: Redefining \pageref on input line 7.
LaTeX Info: Redefining \nameref on input line 7.

(./main.out) (./main.out)
\@outlinefile=\write3
\openout3 = `main.out'.

Package caption Info: Begin \AtBeginDocument code.
Package caption Info: End \AtBeginDocument code.

Overfull \hbox (12.72424pt too wide) in paragraph at lines 17--17
 [][] 
 []

<uva.jpeg, id=136, 156.585pt x 56.8524pt>
File: uva.jpeg Graphic file (type jpg)
 <use uva.jpeg>
Package pdftex.def Info: uva.jpeg used on input line 17.
(pdftex.def)             Requested size: 156.58461pt x 56.85225pt.
 [1

{/var/lib/texmf/fonts/map/pdftex/updmap/pdftex.map} <./uva.jpeg>] (./sections/a
bstract.tex)
[2] (./main.toc)
\tf@toc=\write4
\openout4 = `main.toc'.

 [3] (./sections/introduction.tex
Missing character: There is no â in font cmr10!
Missing character: There is no € in font cmr10!
Missing character: There is no ˜ in font cmr10!
Missing character: There is no â in font cmr10!
Missing character: There is no € in font cmr10!
Missing character: There is no ™ in font cmr10!

Underfull \hbox (badness 10000) in paragraph at lines 2--3

 []


Underfull \hbox (badness 10000) in paragraph at lines 4--5

 []


Underfull \hbox (badness 10000) in paragraph at lines 6--7

 []

[4]
Missing character: There is no â in font cmr10!
Missing character: There is no € in font cmr10!
Missing character: There is no ¢ in font cmr10!
Missing character: There is no â in font cmr10!
Missing character: There is no € in font cmr10!
Missing character: There is no ¢ in font cmr10!
Missing character: There is no â in font cmr10!
Missing character: There is no € in font cmr10!
Missing character: There is no ¢ in font cmr10!
Missing character: There is no â in font cmr10!
Missing character: There is no € in font cmr10!
Missing character: There is no ¢ in font cmr10!
Missing character: There is no â in font cmr10!
Missing character: There is no € in font cmr10!
Missing character: There is no ¢ in font cmr10!
) [5] (./sections/related.tex

LaTeX Warning: Citation `mryan2014ble' on page 6 undefined on input line 1.

) (./sections/related/Bluetooth.tex
Underfull \hbox (badness 10000) in paragraph at lines 4--6

 []

[6]
Underfull \hbox (badness 10000) in paragraph at lines 17--19

 []

<images/bd_addr.png, id=214, 333.245pt x 134.5025pt>
File: images/bd_addr.png Graphic file (type png)
 <use images/bd_addr.png>
Package pdftex.def Info: images/bd_addr.png used on input line 23.
(pdftex.def)             Requested size: 200.75073pt x 81.02637pt.

[7 <./images/bd_addr.png>]
LaTeX Font Info:    Try loading font information for OMS+cmr on input line 33.

(/usr/share/texlive/texmf-dist/tex/latex/base/omscmr.fd
File: omscmr.fd 1999/05/25 v2.5h Standard LaTeX font definitions
)
LaTeX Font Info:    Font shape `OMS/cmr/m/n' in size <10> not available
(Font)              Font shape `OMS/cmsy/m/n' tried instead on input line 33.

Underfull \hbox (badness 10000) in paragraph at lines 35--36

 []


Underfull \hbox (badness 10000) in paragraph at lines 49--50

 []

<images/haha.png, id=224, 671.50874pt x 464.73625pt>
File: images/haha.png Graphic file (type png)
 <use images/haha.png>
Package pdftex.def Info: images/haha.png used on input line 60.
(pdftex.def)             Requested size: 351.31378pt x 243.13213pt.

Overfull \hbox (6.31378pt too wide) in paragraph at lines 60--62
 [] 
 []

[8] [9 <./images/haha.png>]
Underfull \hbox (badness 10000) in paragraph at lines 76--77

 []


Underfull \hbox (badness 10000) in paragraph at lines 78--83

 []


Underfull \hbox (badness 10000) in paragraph at lines 89--90

 []


Overfull \hbox (6.19511pt too wide) in paragraph at lines 94--95
[]\OT1/cmr/m/n/10 Public key ex-change: Com-pute the pri-vate/pub-lic key us-in
g Diffie-Hellmann
 []


Underfull \hbox (badness 10000) in paragraph at lines 98--99

 []

[10]) (./sections/related/ubertooth.tex [11]) (./sections/related/sw2.tex
<images/sw2.jpg, id=264, 1244.65pt x 843.15pt>
File: images/sw2.jpg Graphic file (type jpg)
 <use images/sw2.jpg>
Package pdftex.def Info: images/sw2.jpg used on input line 5.
(pdftex.def)             Requested size: 200.75073pt x 135.98744pt.
 [12 <./images/sw2.jpg>] <images/applifecycle.jpg, id=272, 401.5pt x 200.75pt>
File: images/applifecycle.jpg Graphic file (type jpg)

<use images/applifecycle.jpg>
Package pdftex.def Info: images/applifecycle.jpg used on input line 20.
(pdftex.def)             Requested size: 200.7495pt x 100.37474pt.
LaTeX Font Info:    Font shape `OT1/cmtt/bx/it' in size <8> not available
(Font)              Font shape `OT1/cmtt/m/it' tried instead on input line 25.

Underfull \hbox (badness 10000) in paragraph at lines 25--25
[]|[]$\OT1/cmtt/m/it/8 https : / / developer . sony . com / develop / wearables
 / smartwatch-[]2-[]apis / guides /
 []

) [13 <./images/applifecycle.jpg>] (./sections/method.tex
Overfull \hbox (96.00003pt too wide) in paragraph at lines 9--20
[][] 
 []

) [14] (./sections/methodology/BTinvestigation.tex
<images/bluetoothstack.jpg, id=290, 380.92313pt x 397.485pt>
File: images/bluetoothstack.jpg Graphic file (type jpg)

<use images/bluetoothstack.jpg>
Package pdftex.def Info: images/bluetoothstack.jpg used on input line 5.
(pdftex.def)             Requested size: 304.73889pt x 317.98842pt.
 [15 <./images/bluetoothstack.jpg>]
Missing character: There is no â in font cmr10!
Missing character: There is no € in font cmr10!
Missing character: There is no ¢ in font cmr10!
Missing character: There is no â in font cmr10!
Missing character: There is no € in font cmr10!
Missing character: There is no ¢ in font cmr10!
Missing character: There is no â in font cmr10!
Missing character: There is no € in font cmr10!
Missing character: There is no ¢ in font cmr10!
)
(./sections/methodology/comparing.tex [16]) (./sections/methodology/pairing.tex
) [17] (./sections/result.tex) (./sections/results/resultanalysis.tex

LaTeX Warning: Reference `app:types' on page 18 undefined on input line 5.


Package caption Warning: \label without proper \caption on input line 14.
See the caption package documentation for explanation.


LaTeX Warning: Reference `fig:lmp' on page 18 undefined on input line 10.

<images/LMP_PARAM.jpg, id=311, 670.505pt x 449.68pt>
File: images/LMP_PARAM.jpg Graphic file (type jpg)

<use images/LMP_PARAM.jpg>
Package pdftex.def Info: images/LMP_PARAM.jpg used on input line 13.
(pdftex.def)             Requested size: 271.01349pt x 181.75574pt.


LaTeX Warning: `!h' float specifier changed to `!ht'.

[18]) [19 <./images/LMP_PARAM.jpg>] (./sections/results/problems.tex
Underfull \hbox (badness 10000) in paragraph at lines 2--5

 []


Underfull \hbox (badness 10000) in paragraph at lines 6--7

 []

) [20] (./sections/conclusion.tex) [21] (./main.bbl
Underfull \hbox (badness 3679) in paragraph at lines 4--7
[]\OT1/cmr/m/n/10 Bluetooth de-fined by wikipedia.  []$\OT1/cmtt/m/n/10 http : 
/ / en . wikipedia . org / wiki /
 []


Underfull \hbox (badness 10000) in paragraph at lines 9--13
[]\OT1/cmr/m/n/10 Bluetooth ver-sion dif-fer-ences.  []$\OT1/cmtt/m/n/10 http :
 / / www . quora . com /
 []


Underfull \hbox (badness 10000) in paragraph at lines 9--13
\OT1/cmtt/m/n/10 What-[]is-[]the-[]difference-[]between-[]Bluetooth-[]4-[]0-[]3
-[]0-[]and-[]2-[]0$[]\OT1/cmr/m/n/10 .
 []


Underfull \hbox (badness 10000) in paragraph at lines 15--19
[]\OT1/cmr/m/n/10 Get started.  []$\OT1/cmtt/m/n/10 https : / / developer . son
y . com / develop / wearables /
 []

) [22] (./sections/appendix/roguepackets.tex
Overfull \hbox (148.4957pt too wide) in paragraph at lines 188--188
[]\OT1/cmtt/m/n/10 systime=1417701381 ch= 0 LAP=fd9667 err=0 clk100ns=187537993
 clk1=105936182 s=-22 n=-87 snr=65[] 
 []


Overfull \hbox (106.49606pt too wide) in paragraph at lines 188--188
[]  \OT1/cmtt/m/n/10 Data:  4f e2 49 69 8b 36 00 45 96 5b 53 91 00 00 00 00 00 
00 00 00 00 00 00 00 00 00[] 
 []


Overfull \hbox (106.49606pt too wide) in paragraph at lines 188--188
[]  \OT1/cmtt/m/n/10 Data:  4f e2 49 69 8b 36 00 45 96 5b 53 91 00 00 00 00 00 
00 00 00 00 00 00 00 00 00[] 
 []


Overfull \hbox (153.74565pt too wide) in paragraph at lines 188--188
[]\OT1/cmtt/m/n/10 systime=1417701487 ch= 0 LAP=fd9667 err=1 clk100ns=125226981
3 clk1=106106539 s=-20 n=-87 snr=67[] 
 []


Overfull \hbox (153.74565pt too wide) in paragraph at lines 188--188
[]\OT1/cmtt/m/n/10 systime=1417701487 ch= 0 LAP=fd9667 err=0 clk100ns=125258358
3 clk1=106106589 s=-18 n=-86 snr=68[] 
 []


Overfull \hbox (153.74565pt too wide) in paragraph at lines 188--188
[]\OT1/cmtt/m/n/10 systime=1417701495 ch= 0 LAP=fd9667 err=0 clk100ns=132303197
4 clk1=106117861 s=-18 n=-87 snr=69[] 
 []

[23]
Overfull \hbox (153.74565pt too wide) in paragraph at lines 188--188
[]\OT1/cmtt/m/n/10 systime=1417701595 ch= 0 LAP=fd9667 err=1 clk100ns=232760236
7 clk1=106278592 s=-73 n=-87 snr=14[] 
 []


Overfull \hbox (153.74565pt too wide) in paragraph at lines 188--188
[]\OT1/cmtt/m/n/10 systime=1417701650 ch= 0 LAP=fd9667 err=2 clk100ns=287343931
7 clk1=106365926 s=-23 n=-87 snr=64[] 
 []


Overfull \hbox (153.74565pt too wide) in paragraph at lines 188--188
[]  \OT1/cmtt/m/n/10 Data:  d4 70 9f f9 25 26 c5 62 d1 7d a3 9b 31 41 7e 08 cb 
c3 5b 83 f6 64 8f 66 c1 dd a6 da b4[] 
 []


Overfull \hbox (153.74565pt too wide) in paragraph at lines 188--188
[]  \OT1/cmtt/m/n/10 Data:  d4 70 9f f9 25 26 c5 62 d1 7d a3 9b 31 41 7e 08 cb 
c3 5b 83 f6 64 8f 66 c1 dd a6 da b4[] 
 []


Overfull \hbox (153.74565pt too wide) in paragraph at lines 188--188
[]\OT1/cmtt/m/n/10 systime=1417701650 ch= 0 LAP=fd9667 err=2 clk100ns=287344445
4 clk1=106365927 s=-17 n=-86 snr=69[] 
 []


Overfull \hbox (153.74565pt too wide) in paragraph at lines 188--188
[]\OT1/cmtt/m/n/10 systime=1417701669 ch= 0 LAP=fd9667 err=0 clk100ns=306710004
9 clk1=106396912 s=-22 n=-87 snr=65[] 
 []


Overfull \hbox (153.74565pt too wide) in paragraph at lines 188--188
[]\OT1/cmtt/m/n/10 systime=1417701677 ch= 0 LAP=fd9667 err=0 clk100ns=314833815
9 clk1=106409910 s=-23 n=-87 snr=64[] 
 []

[24]
Overfull \hbox (148.4957pt too wide) in paragraph at lines 188--188
[]\OT1/cmtt/m/n/10 systime=1417701757 ch= 0 LAP=fd9667 err=2 clk100ns=667808348
 clk1=106537313 s=-23 n=-87 snr=64[] 
 []


Overfull \hbox (185.24538pt too wide) in paragraph at lines 188--188
[]  \OT1/cmtt/m/n/10 Data:  00 00 00 00 00 00 00 00 00 00 00 00 00 00 00 00 00 
00 00 00 00 00 00 00 00 00 00 00 00 00 00[] 
 []


Overfull \hbox (185.24538pt too wide) in paragraph at lines 188--188
[]  \OT1/cmtt/m/n/10 Data:  00 00 00 00 00 00 00 00 00 00 00 00 00 00 00 00 00 
00 00 00 00 00 00 00 00 00 00 00 00 00 00[] 
 []


Overfull \hbox (148.4957pt too wide) in paragraph at lines 188--188
[]\OT1/cmtt/m/n/10 systime=1417701758 ch= 0 LAP=fd9667 err=0 clk100ns=685033527
 clk1=106540069 s=-24 n=-87 snr=63[] 
 []


Overfull \hbox (153.74565pt too wide) in paragraph at lines 188--188
[]\OT1/cmtt/m/n/10 systime=1417701795 ch= 0 LAP=fd9667 err=0 clk100ns=105227082
5 clk1=106598827 s=-24 n=-87 snr=63[] 
 []


Overfull \hbox (153.74565pt too wide) in paragraph at lines 188--188
[]\OT1/cmtt/m/n/10 systime=1417701795 ch= 0 LAP=fd9667 err=0 clk100ns=105227597
5 clk1=106598828 s=-15 n=-86 snr=71[] 
 []


Overfull \hbox (153.74565pt too wide) in paragraph at lines 188--188
[]\OT1/cmtt/m/n/10 systime=1417701876 ch= 0 LAP=fd9667 err=1 clk100ns=185835503
0 clk1=106727801 s=-25 n=-87 snr=62[] 
 []

[25]
Overfull \hbox (153.74565pt too wide) in paragraph at lines 188--188
[]\OT1/cmtt/m/n/10 systime=1417701995 ch= 0 LAP=fd9667 err=0 clk100ns=304712514
3 clk1=106918004 s=-22 n=-87 snr=65[] 
 []


Overfull \hbox (137.99579pt too wide) in paragraph at lines 188--188
[]  \OT1/cmtt/m/n/10 Data:  ce 0c b2 e2 3b d1 cf dc 8a f1 db aa b2 e9 bf 92 ac 
69 45 d0 70 66 79 44 92 46 e9 7b[] 
 []


Overfull \hbox (137.99579pt too wide) in paragraph at lines 188--188
[]  \OT1/cmtt/m/n/10 Data:  ce 0c b2 e2 3b d1 cf dc 8a f1 db aa b2 e9 bf 92 ac 
69 45 d0 70 66 79 44 92 46 e9 7b[] 
 []


Overfull \hbox (153.74565pt too wide) in paragraph at lines 188--188
[]\OT1/cmtt/m/n/10 systime=1417701995 ch= 0 LAP=fd9667 err=0 clk100ns=304713029
1 clk1=106918005 s=-14 n=-87 snr=73[] 
 []


Overfull \hbox (153.74565pt too wide) in paragraph at lines 188--188
[]\OT1/cmtt/m/n/10 systime=1417701995 ch= 0 LAP=fd9667 err=1 clk100ns=304904368
7 clk1=106918311 s=-70 n=-88 snr=18[] 
 []


Overfull \hbox (153.74565pt too wide) in paragraph at lines 188--188
[]\OT1/cmtt/m/n/10 systime=1417701997 ch= 0 LAP=fd9667 err=0 clk100ns=306738740
4 clk1=106921246 s=-26 n=-87 snr=61[] 
 []


Overfull \hbox (232.49496pt too wide) in paragraph at lines 188--188
[]  \OT1/cmtt/m/n/10 Data:  ab 76 62 00 90 91 78 c2 94 b7 18 e5 88 b6 ef 17 7b 
3d 14 f5 3e 00 df 7e 00 00 00 00 00 00 00 00 00 00[] 
 []


Overfull \hbox (232.49496pt too wide) in paragraph at lines 188--188
[]  \OT1/cmtt/m/n/10 Data:  ab 76 62 00 90 91 78 c2 94 b7 18 e5 88 b6 ef 17 7b 
3d 14 f5 3e 00 df 7e 00 00 00 00 00 00 00 00 00 00[] 
 []


Overfull \hbox (153.74565pt too wide) in paragraph at lines 188--188
[]\OT1/cmtt/m/n/10 systime=1417702288 ch= 0 LAP=fd9667 err=1 clk100ns=270502514
3 clk1=107387556 s=-25 n=-87 snr=62[] 
 []


Overfull \hbox (90.7462pt too wide) in paragraph at lines 188--188
[]  \OT1/cmtt/m/n/10 Data:  b6 88 86 a3 55 97 12 8c 0b 7f 25 ff 25 a4 9a b7 ea 
85 90 a5 4e d9 cf 82 13[] 
 []


Overfull \hbox (90.7462pt too wide) in paragraph at lines 188--188
[]  \OT1/cmtt/m/n/10 Data:  b6 88 86 a3 55 97 12 8c 0b 7f 25 ff 25 a4 9a b7 ea 
85 90 a5 4e d9 cf 82 13[] 
 []


Overfull \hbox (153.74565pt too wide) in paragraph at lines 188--188
[]\OT1/cmtt/m/n/10 systime=1417702288 ch= 0 LAP=fd9667 err=0 clk100ns=270516258
5 clk1=107387578 s=-26 n=-87 snr=61[] 
 []


Overfull \hbox (143.24574pt too wide) in paragraph at lines 188--188
[]\OT1/cmtt/m/n/10 systime=1417702348 ch= 0 LAP=fd9667 err=1 clk100ns=23399090 
clk1=107482784 s=-29 n=-87 snr=58[] 
 []

[26]
Overfull \hbox (90.7462pt too wide) in paragraph at lines 188--188
[]  \OT1/cmtt/m/n/10 Data:  43 9d 8d cd 3c 5d 8d 2c 46 92 07 00 00 00 00 00 00 
00 00 00 00 00 00 00 00[] 
 []


Overfull \hbox (90.7462pt too wide) in paragraph at lines 188--188
[]  \OT1/cmtt/m/n/10 Data:  43 9d 8d cd 3c 5d 8d 2c 46 92 07 00 00 00 00 00 00 
00 00 00 00 00 00 00 00[] 
 []

) (./sections/appendix/types.tex
Overfull \hbox (566.08485pt too wide) in paragraph at lines 4--15
[][] 
 []

)
Package atveryend Info: Empty hook `BeforeClearDocument' on input line 89.
 [27]
Package atveryend Info: Empty hook `AfterLastShipout' on input line 89.
 (./main.aux)
Package atveryend Info: Executing hook `AtVeryEndDocument' on input line 89.
Package atveryend Info: Executing hook `AtEndAfterFileList' on input line 89.
Package rerunfilecheck Info: File `main.out' has not changed.
(rerunfilecheck)             Checksum: 31D92BC7740281F7227F62C6244D57F0;2190.


LaTeX Warning: There were undefined references.

Package atveryend Info: Empty hook `AtVeryVeryEnd' on input line 89.
 ) 
Here is how much of TeX's memory you used:
 8872 strings out of 494985
 133139 string characters out of 6180356
 226712 words of memory out of 5000000
 11852 multiletter control sequences out of 15000+600000
 10672 words of font info for 39 fonts, out of 8000000 for 9000
 36 hyphenation exceptions out of 8191
 36i,9n,38p,1199b,521s stack positions out of 5000i,500n,10000p,200000b,80000s
</usr/share/texlive/texmf-dist/fonts/type1/public/amsfonts/cm/cmbx10.pfb></us
r/share/texlive/texmf-dist/fonts/type1/public/amsfonts/cm/cmbx12.pfb></usr/shar
e/texlive/texmf-dist/fonts/type1/public/amsfonts/cm/cmitt10.pfb></usr/share/tex
live/texmf-dist/fonts/type1/public/amsfonts/cm/cmr10.pfb></usr/share/texlive/te
xmf-dist/fonts/type1/public/amsfonts/cm/cmr12.pfb></usr/share/texlive/texmf-dis
t/fonts/type1/public/amsfonts/cm/cmr17.pfb></usr/share/texlive/texmf-dist/fonts
/type1/public/amsfonts/cm/cmr7.pfb></usr/share/texlive/texmf-dist/fonts/type1/p
ublic/amsfonts/cm/cmsy10.pfb></usr/share/texlive/texmf-dist/fonts/type1/public/
amsfonts/cm/cmti10.pfb></usr/share/texlive/texmf-dist/fonts/type1/public/amsfon
ts/cm/cmtt10.pfb>
Output written on main.pdf (27 pages, 658245 bytes).
PDF statistics:
 421 PDF objects out of 1000 (max. 8388607)
 366 compressed objects within 4 object streams
 90 named destinations out of 1000 (max. 500000)
 300 words of extra memory for PDF output out of 10000 (max. 10000000)

